Arguments: 
  /usr/local/bin/node /usr/local/bin/yarn init

PATH: 
  /Users/jintoj/google-cloud-sdk/bin:/Library/Frameworks/Python.framework/Versions/2.7/bin:/usr/local/bin:/usr/bin:/bin:/usr/sbin:/sbin

Yarn version: 
  0.17.3

Node version: 
  6.9.1

Platform: 
  darwin x64

npm manifest: 
  {
    "name": "eshoptrial",
    "version": "0.16.4",
    "description": "Sample project that uses Material-UI",
    "repository": {
      "type": "git",
      "url": ""
    },
    "scripts": {
      "start": "webpack-dev-server --config webpack-dev-server.config.js --progress --inline --colors",
      "build": "webpack --config webpack-production.config.js --progress --colors"
    },
    "private": true,
    "devDependencies": {
      "babel-core": "^6.18.2",
      "babel-loader": "^6.2.8",
      "babel-preset-es2015": "^6.18.0",
      "babel-preset-react": "^6.16.0",
      "babel-preset-stage-2": "^6.18.0",
      "html-webpack-plugin": "^2.24.1",
      "transfer-webpack-plugin": "^0.1.4",
      "webpack": "^1.13.3",
      "webpack-dev-server": "^1.16.2"
    },
    "dependencies": {
      "material-ui": "^0.16.4",
      "react": "^15.4.1",
      "react-dom": "^15.4.1",
      "react-tap-event-plugin": "^2.0.1"
    }
  }

yarn manifest: 
  No manifest

Lockfile: 
  No lockfile

Trace: 
  TypeError: Cannot convert object to primitive value
      at Object.<anonymous> (/usr/local/Cellar/yarn/0.17.3/libexec/lib/node_modules/yarn/lib/cli/commands/init.js:93:27)
      at next (native)
      at step (/usr/local/Cellar/yarn/0.17.3/libexec/lib/node_modules/yarn/node_modules/babel-runtime/helpers/asyncToGenerator.js:17:30)
      at /usr/local/Cellar/yarn/0.17.3/libexec/lib/node_modules/yarn/node_modules/babel-runtime/helpers/asyncToGenerator.js:28:13
      at process._tickCallback (internal/process/next_tick.js:103:7)
